c:\users\ethan\desktop\tails and trails\.intermediate\vc143.pdb
c:\users\ethan\desktop\tails and trails\.intermediate\pyinterface.obj
c:\users\ethan\desktop\tails and trails\.intermediate\main.obj
c:\users\ethan\desktop\tails and trails\.intermediate\data.obj
c:\users\ethan\desktop\tails and trails\out\tails and trails.exe
c:\users\ethan\desktop\tails and trails\out\tails and trails.pdb
c:\users\ethan\desktop\tails and trails\out\tails and trails.lib
c:\users\ethan\desktop\tails and trails\out\tails and trails.exp
c:\users\ethan\desktop\tails and trails\.intermediate\tails and trails.ipdb
c:\users\ethan\desktop\tails and trails\.intermediate\tails and trails.iobj
c:\users\ethan\desktop\tails and trails\\out\tails and trails.pdb
c:\users\ethan\desktop\tails and trails\\.intermediate\tails and trails.vcxproj.filelistabsolute.txt
c:\users\ethan\desktop\tails and trails\.intermediate\tails and trails.tlog\cl.command.1.tlog
c:\users\ethan\desktop\tails and trails\.intermediate\tails and trails.tlog\cl.items.tlog
c:\users\ethan\desktop\tails and trails\.intermediate\tails and trails.tlog\cl.read.1.tlog
c:\users\ethan\desktop\tails and trails\.intermediate\tails and trails.tlog\cl.write.1.tlog
c:\users\ethan\desktop\tails and trails\.intermediate\tails and trails.tlog\link.command.1.tlog
c:\users\ethan\desktop\tails and trails\.intermediate\tails and trails.tlog\link.read.1.tlog
c:\users\ethan\desktop\tails and trails\.intermediate\tails and trails.tlog\link.secondary.1.tlog
c:\users\ethan\desktop\tails and trails\.intermediate\tails and trails.tlog\link.write.1.tlog
